<?xml version="1.0" encoding="UTF-8"?>
<!-- Generated by org.testng.reporters.JUnitReportReporter -->
<testsuite name="Feature1Test" tests="3" time="0.162" ignored="0" failures="0" timestamp="09 May 2020 09:14:19 GMT" skipped="0" hostname="milkyway" errors="0">
  <testcase name="xPathTest" time="0.129" classname="Feature1Test"/>
  <testcase name="websiteAvailabilityTest" time="0.018" classname="Feature1Test"/>
  <testcase name="TitleTest" time="0.015" classname="Feature1Test"/>
</testsuite> <!-- Feature1Test -->
