<?xml version="1.0" encoding="UTF-8"?>
<!-- Generated by org.testng.reporters.JUnitReportReporter -->
<testsuite name="Feature1Test" tests="3" time="1.711" ignored="0" failures="0" timestamp="09 May 2020 12:46:28 GMT" skipped="0" hostname="milkyway" errors="0">
  <testcase name="TitleTest" time="1.587" classname="Feature1Test"/>
  <testcase name="xPathTest" time="0.103" classname="Feature1Test"/>
  <testcase name="websiteAvailabilityTest" time="0.021" classname="Feature1Test"/>
</testsuite> <!-- Feature1Test -->
