<?xml version="1.0" encoding="UTF-8"?>
<!-- Generated by org.testng.reporters.JUnitReportReporter -->
<testsuite skipped="0" hostname="milkyway" name="testcases.feature1.test" tests="1" failures="0" timestamp="2020-04-27T22:22:38 CST" time="0.298" errors="0">
  <testcase name="websiteTest" time="0.298" classname="testcases.feature1.test"/>
  <system-out/>
</testsuite> <!-- testcases.feature1.test -->
