<?xml version="1.0" encoding="UTF-8"?>
<!-- Generated by org.testng.reporters.JUnitReportReporter -->
<testsuite skipped="0" hostname="milkyway" name="testcases.feature1.f1test" tests="2" failures="0" timestamp="2020-05-07T07:46:49 CST" time="7.258" errors="0">
  <testcase name="websiteTest" time="5.058" classname="testcases.feature1.f1test"/>
  <system-out/>
  <testcase name="TitleTest" time="2.200" classname="testcases.feature1.f1test"/>
  <system-out/>
</testsuite> <!-- testcases.feature1.f1test -->
